TN:
SF:script/DeployStakeVault.s.sol
DA:11,104
FN:11,DeployStakeVault.run
FNDA:104,DeployStakeVault.run
DA:12,104
DA:15,104
DA:17,104
DA:18,104
DA:22,104
DA:24,104
FNF:1
FNH:1
LF:7
LH:7
BRF:0
BRH:0
end_of_record
TN:
SF:script/HelperConfig.s.sol
DA:18,104
FN:18,HelperConfig.constructor
FNDA:104,HelperConfig.constructor
DA:19,104
BRDA:19,0,0,-
BRDA:19,0,1,104
DA:20,0
DA:23,104
BRDA:23,1,0,-
BRDA:23,1,1,104
DA:24,0
DA:27,104
BRDA:27,2,0,-
BRDA:27,2,1,104
DA:28,0
DA:31,104
BRDA:31,3,0,-
BRDA:31,3,1,104
DA:32,0
DA:35,104
DA:39,0
FN:39,HelperConfig.getSepoliaConfig
FNDA:0,HelperConfig.getSepoliaConfig
DA:40,0
DA:45,0
DA:48,0
FN:48,HelperConfig.getMiannetETHConfig
FNDA:0,HelperConfig.getMiannetETHConfig
DA:49,0
DA:54,0
DA:57,0
FN:57,HelperConfig.getBaseSepoliaConfig
FNDA:0,HelperConfig.getBaseSepoliaConfig
DA:58,0
DA:63,0
DA:66,0
FN:66,HelperConfig.getBaseMainnetConfig
FNDA:0,HelperConfig.getBaseMainnetConfig
DA:67,0
DA:72,0
DA:76,104
FN:76,HelperConfig.getAnvilConfig
FNDA:104,HelperConfig.getAnvilConfig
DA:77,104
BRDA:77,4,0,-
DA:78,0
DA:81,104
DA:82,104
DA:84,104
DA:85,104
DA:90,104
DA:91,104
DA:93,104
DA:98,104
FNF:6
FNH:2
LF:33
LH:16
BRF:9
BRH:4
end_of_record
TN:
SF:src/PriceConverter.sol
DA:9,679
FN:9,PriceConverter.getConversionRate
FNDA:679,PriceConverter.getConversionRate
DA:10,679
DA:11,679
DA:12,679
DA:16,421
FN:16,PriceConverter.getConversionRateUsdToEth
FNDA:421,PriceConverter.getConversionRateUsdToEth
DA:17,421
DA:18,421
DA:19,421
DA:22,1216
FN:22,PriceConverter.getPrice
FNDA:1216,PriceConverter.getPrice
DA:23,1216
DA:24,1216
DA:27,1
FN:27,PriceConverter.getVersion
FNDA:1,PriceConverter.getVersion
DA:28,1
FNF:4
FNH:4
LF:13
LH:13
BRF:0
BRH:0
end_of_record
TN:
SF:src/StakeVault.sol
DA:101,108
FN:101,StakeVault.constructor
FNDA:108,StakeVault.constructor
DA:105,108
DA:106,108
DA:107,108
DA:108,108
DA:113,16
FN:113,StakeVault.onlyOwner
FNDA:16,StakeVault.onlyOwner
DA:114,16
BRDA:114,0,0,2
DA:115,2
DA:120,18
FN:120,StakeVault.whenNotPaused
FNDA:18,StakeVault.whenNotPaused
DA:121,2
BRDA:121,1,0,2
DA:122,2
DA:129,21
FN:129,StakeVault.pause
FNDA:21,StakeVault.pause
DA:130,1
BRDA:130,2,0,1
DA:131,1
DA:133,19
DA:138,11
FN:138,StakeVault.unPause
FNDA:11,StakeVault.unPause
DA:139,10
BRDA:139,3,0,1
DA:140,1
DA:142,9
DA:147,175
FN:147,StakeVault.depositETH
FNDA:175,StakeVault.depositETH
DA:149,172
DA:150,171
DA:151,2
BRDA:151,4,0,2
DA:152,2
DA:155,170
DA:157,170
BRDA:157,5,0,166
DA:158,166
DA:160,170
DA:162,170
DA:167,107
FN:167,StakeVault.depositUSDC
FNDA:107,StakeVault.depositUSDC
DA:168,106
BRDA:168,6,0,2
DA:169,2
DA:172,104
DA:174,104
BRDA:174,7,0,102
DA:175,102
DA:177,104
DA:180,104
DA:181,102
BRDA:181,8,0,-
DA:182,0
DA:185,102
DA:191,154
FN:191,StakeVault.stakeETH
FNDA:154,StakeVault.stakeETH
DA:193,154
DA:195,154
BRDA:195,9,0,1
DA:196,1
DA:199,153
BRDA:199,10,0,2
DA:200,2
DA:204,151
DA:205,150
DA:206,2
BRDA:206,11,0,2
DA:207,2
DA:210,149
BRDA:210,12,0,148
DA:211,148
DA:212,148
DA:215,149
DA:216,149
DA:217,149
DA:219,149
DA:224,97
FN:224,StakeVault.stakeUSDC
FNDA:97,StakeVault.stakeUSDC
DA:226,97
BRDA:226,13,0,4
DA:227,4
DA:230,93
BRDA:230,14,0,3
DA:231,3
DA:234,90
BRDA:234,15,0,-
DA:235,0
DA:238,90
BRDA:238,16,0,85
DA:239,85
DA:240,85
DA:243,90
DA:244,90
DA:245,90
DA:247,90
DA:252,253
FN:252,StakeVault.stake
FNDA:253,StakeVault.stake
DA:254,251
BRDA:254,17,0,154
BRDA:254,17,1,90
DA:255,154
DA:258,97
BRDA:258,18,0,97
DA:259,97
DA:265,193
FN:265,StakeVault.unStake
FNDA:193,StakeVault.unStake
DA:267,192
BRDA:267,19,0,4
DA:268,4
DA:270,188
DA:271,188
DA:273,188
BRDA:273,20,0,110
BRDA:273,20,1,77
DA:274,110
BRDA:274,21,0,1
DA:275,1
DA:278,109
DA:279,109
DA:281,109
DA:282,109
DA:286,78
BRDA:286,22,0,78
DA:287,78
BRDA:287,23,0,1
DA:288,1
DA:290,77
DA:292,77
DA:293,77
DA:294,77
DA:297,186
DA:298,186
DA:299,186
DA:301,186
DA:306,9
FN:306,StakeVault.withdrawStaked
FNDA:9,StakeVault.withdrawStaked
DA:308,9
DA:310,9
BRDA:310,24,0,3
DA:311,3
DA:314,6
BRDA:314,25,0,3
BRDA:314,25,1,-
DA:315,3
DA:316,3
DA:317,3
DA:318,3
DA:319,3
DA:320,3
DA:321,3
DA:322,2
BRDA:322,26,0,2
BRDA:322,26,1,1
DA:323,2
DA:326,1
DA:330,3
BRDA:330,27,0,3
DA:331,3
DA:332,3
DA:333,3
DA:334,3
DA:335,3
DA:336,3
DA:338,3
DA:339,2
BRDA:339,28,0,2
BRDA:339,28,1,-
DA:340,2
DA:343,0
DA:350,8
FN:350,StakeVault.withdrawDeposit
FNDA:8,StakeVault.withdrawDeposit
DA:351,8
DA:352,8
BRDA:352,29,0,5
BRDA:352,29,1,-
DA:353,5
DA:354,5
DA:356,5
BRDA:356,30,0,2
DA:357,2
DA:359,3
DA:360,3
DA:362,3
DA:363,3
DA:364,3
DA:366,3
DA:367,2
BRDA:367,31,0,2
BRDA:367,31,1,1
DA:368,2
DA:370,1
DA:374,3
BRDA:374,32,0,3
BRDA:374,32,1,-
DA:375,3
DA:376,3
DA:378,3
BRDA:378,33,0,-
DA:379,0
DA:381,3
DA:382,3
DA:384,3
DA:385,3
DA:386,3
DA:388,3
DA:389,2
BRDA:389,34,0,2
BRDA:389,34,1,-
DA:390,2
DA:391,0
DA:394,0
DA:398,20
FN:398,StakeVault.withdraw
FNDA:20,StakeVault.withdraw
DA:399,19
BRDA:399,35,0,9
BRDA:399,35,1,2
DA:400,9
DA:402,8
BRDA:402,36,0,8
BRDA:402,36,1,2
DA:403,8
DA:405,2
DA:410,18
FN:410,StakeVault.notifyRewardAmount
FNDA:18,StakeVault.notifyRewardAmount
DA:412,14
DA:414,14
BRDA:414,37,0,2
DA:415,2
DA:418,12
BRDA:418,38,0,4
BRDA:418,38,1,1
DA:419,4
DA:420,4
DA:421,4
DA:422,4
DA:424,8
BRDA:424,39,0,4
BRDA:424,39,1,1
DA:425,4
DA:426,4
DA:427,4
DA:428,4
DA:430,4
BRDA:430,40,0,1
BRDA:430,40,1,1
DA:431,1
DA:432,1
DA:433,1
DA:434,1
DA:435,1
DA:437,1
DA:439,3
BRDA:439,41,0,1
BRDA:439,41,1,1
DA:440,1
DA:441,1
DA:442,1
DA:443,1
DA:444,1
DA:446,1
DA:449,2
BRDA:449,42,0,1
BRDA:449,42,1,1
DA:450,1
DA:451,1
DA:452,1
DA:453,1
DA:455,1
BRDA:455,43,0,1
DA:456,1
DA:457,1
DA:458,1
DA:459,1
DA:465,177
FN:465,StakeVault._pendingReward
FNDA:177,StakeVault._pendingReward
DA:467,365
BRDA:467,44,0,3
DA:468,3
DA:471,362
BRDA:471,45,0,-
DA:472,0
DA:475,362
BRDA:475,46,0,-
DA:476,0
DA:479,362
DA:481,362
BRDA:481,47,0,15
DA:482,15
DA:485,347
DA:487,347
DA:491,185
FN:491,StakeVault._addReward
FNDA:185,StakeVault._addReward
DA:492,185
BRDA:492,48,0,109
BRDA:492,48,1,76
DA:493,109
DA:494,109
DA:496,76
BRDA:496,49,0,76
DA:497,76
DA:498,76
DA:503,6
FN:503,StakeVault._addDepositorReward
FNDA:6,StakeVault._addDepositorReward
DA:504,6
BRDA:504,50,0,3
BRDA:504,50,1,3
DA:505,3
DA:506,3
DA:508,3
BRDA:508,51,0,3
DA:509,3
DA:510,3
DA:514,185
FN:514,StakeVault.fundProvidedReward
FNDA:185,StakeVault.fundProvidedReward
DA:515,185
DA:518,6
FN:518,StakeVault.fundDepositorsProvidedPool
FNDA:6,StakeVault.fundDepositorsProvidedPool
DA:519,6
DA:522,5
FN:522,StakeVault.checkUpkeep
FNDA:5,StakeVault.checkUpkeep
DA:529,7
DA:530,7
DA:531,7
DA:533,7
DA:535,7
BRDA:535,52,0,5
BRDA:535,52,1,-
DA:536,5
DA:538,2
BRDA:538,53,0,-
BRDA:538,53,1,-
DA:539,0
DA:540,0
BRDA:540,54,0,-
DA:541,0
DA:544,2
BRDA:544,55,0,-
DA:545,0
DA:546,0
BRDA:546,56,0,-
DA:547,0
DA:551,7
DA:553,7
DA:558,2
FN:558,StakeVault.performUpkeep
FNDA:2,StakeVault.performUpkeep
DA:560,2
DA:561,2
BRDA:561,57,0,1
DA:562,1
DA:565,1
DA:573,13
FN:573,StakeVault.getDepositor
FNDA:13,StakeVault.getDepositor
DA:574,13
DA:577,1
FN:577,StakeVault.getStakerRewardRate
FNDA:1,StakeVault.getStakerRewardRate
DA:578,1
DA:581,41
FN:581,StakeVault.getETHBalanceOfUser
FNDA:41,StakeVault.getETHBalanceOfUser
DA:582,41
DA:585,9
FN:585,StakeVault.getUSDCBalanceOfDepositor
FNDA:9,StakeVault.getUSDCBalanceOfDepositor
DA:586,9
DA:589,5
FN:589,StakeVault.getDepositorTimeStamp
FNDA:5,StakeVault.getDepositorTimeStamp
DA:590,5
DA:593,1
FN:593,StakeVault.getContractState
FNDA:1,StakeVault.getContractState
DA:594,1
DA:597,398
FN:597,StakeVault.getSakedValueInUsd
FNDA:398,StakeVault.getSakedValueInUsd
DA:598,398
DA:601,205
FN:601,StakeVault.getStakedTime
FNDA:205,StakeVault.getStakedTime
DA:602,205
DA:605,210
FN:605,StakeVault.getStakers
FNDA:210,StakeVault.getStakers
DA:606,210
DA:609,4
FN:609,StakeVault.getStakedTokenType
FNDA:4,StakeVault.getStakedTokenType
DA:610,4
DA:613,177
FN:613,StakeVault.getUnStakedTime
FNDA:177,StakeVault.getUnStakedTime
DA:614,177
DA:617,3
FN:617,StakeVault.getprovidedRewardETH
FNDA:3,StakeVault.getprovidedRewardETH
DA:618,3
DA:621,3
FN:621,StakeVault.getProvidedRewardUSDC
FNDA:3,StakeVault.getProvidedRewardUSDC
DA:622,3
DA:625,176
FN:625,StakeVault.getStakerReward
FNDA:176,StakeVault.getStakerReward
DA:626,176
DA:629,4
FN:629,StakeVault.getRewardFinishTimeETH
FNDA:4,StakeVault.getRewardFinishTimeETH
DA:630,4
DA:633,4
FN:633,StakeVault.getRewardFinishTimeUSDC
FNDA:4,StakeVault.getRewardFinishTimeUSDC
DA:634,4
DA:637,6
FN:637,StakeVault.getLastUpdateTimeStamp
FNDA:6,StakeVault.getLastUpdateTimeStamp
DA:638,6
DA:641,1
FN:641,StakeVault.getLatestPrice
FNDA:1,StakeVault.getLatestPrice
DA:642,1
FNF:40
FNH:40
LF:288
LH:274
BRF:78
BRH:62
end_of_record
TN:
SF:src/mocks/BadReciever.sol
DA:11,0
FN:11,BadReciever.mint
FNDA:0,BadReciever.mint
DA:12,0
DA:15,0
FN:15,BadReciever.burn
FNDA:0,BadReciever.burn
DA:16,0
DA:19,0
FN:19,BadReciever.transfer
FNDA:0,BadReciever.transfer
DA:20,0
FNF:3
FNH:0
LF:6
LH:0
BRF:0
BRH:0
end_of_record
TN:
SF:src/mocks/ReentrancyAttacker.sol
DA:1,104
FN:1,ReentrancyAttacker.constructor
FNDA:104,ReentrancyAttacker.constructor
FN:1,ReentrancyAttacker.attack
FNDA:0,ReentrancyAttacker.attack
BRDA:1,0,0,-
BRDA:1,0,1,-
FN:1,ReentrancyAttacker.receive
FNDA:0,ReentrancyAttacker.receive
BRDA:1,1,0,-
FN:1,ReentrancyAttacker.withdrawFunds
FNDA:0,ReentrancyAttacker.withdrawFunds
BRDA:1,2,0,-
BRDA:1,2,1,-
FN:1,ReentrancyAttackerUSDC.constructor
FNDA:0,ReentrancyAttackerUSDC.constructor
FN:1,ReentrancyAttackerUSDC.attackUSDC
FNDA:0,ReentrancyAttackerUSDC.attackUSDC
BRDA:1,0,0,-
BRDA:1,0,1,-
FN:1,ReentrancyAttackerUSDC.onERC20Received
FNDA:0,ReentrancyAttackerUSDC.onERC20Received
BRDA:1,1,0,-
FN:1,ReentrancyAttackerUSDC.withdrawUSDC
FNDA:0,ReentrancyAttackerUSDC.withdrawUSDC
BRDA:1,2,0,-
BRDA:1,2,1,-
FN:1,ReentrancyAttackerUSDC.withdrawETH
FNDA:0,ReentrancyAttackerUSDC.withdrawETH
BRDA:1,3,0,-
BRDA:1,3,1,-
FNF:9
FNH:1
LF:2
LH:1
BRF:12
BRH:0
end_of_record
TN:
SF:src/utils/ReentrancyGuard.sol
DA:14,192
FN:14,ReentrancyGuard.nonReentrancy
FNDA:192,ReentrancyGuard.nonReentrancy
DA:15,192
BRDA:15,0,0,-
DA:16,0
DA:19,192
DA:22,186
FNF:1
FNH:1
LF:5
LH:4
BRF:1
BRH:0
end_of_record
